{"sessionId": "1b991f", "location": "core.py:_node_position", "message": "position", "timestamp": 1771570016012.5886, "data": {"nodeName": "Node_0", "pos": [500.0, 500.0, 0.0], "hasGetGlobal": true}, "hypothesisId": "H1"}
{"sessionId": "1b991f", "location": "core.py:_node_position", "message": "position", "timestamp": 1771574061975.322, "data": {"nodeName": "Node_0", "pos": [500.0, 500.0, 0.0], "hasGetGlobal": true}, "hypothesisId": "H1"}
{"sessionId": "1b991f", "location": "core.py:_node_position", "message": "position", "timestamp": 1773269256372.2173, "data": {"nodeName": "Node_0", "pos": [57.0, 0.0, 12.05], "hasGetGlobal": true}, "hypothesisId": "H1"}
{"sessionId": "1b991f", "location": "core.py:_node_position", "message": "position", "timestamp": 1773284928456.5796, "data": {"nodeName": "Node_BASE_0_sub_0", "pos": [57.0, 12.5, 6.03], "hasGetGlobal": true}, "hypothesisId": "H1"}
{"sessionId": "1b991f", "location": "core.py:_node_position", "message": "position", "timestamp": 1773285224179.0645, "data": {"nodeName": "Node_BASE_0_sub_0", "pos": [57.0, 12.5, 6.03], "hasGetGlobal": true}, "hypothesisId": "H1"}
{"sessionId": "1b991f", "location": "core.py:_node_position", "message": "position", "timestamp": 1773285940182.9558, "data": {"nodeName": "Node_BASE_0_sub_0", "pos": [57.0, 12.5, 6.03], "hasGetGlobal": true}, "hypothesisId": "H1"}
{"sessionId": "1b991f", "location": "core.py:_node_position", "message": "position", "timestamp": 1773287032209.1836, "data": {"nodeName": "Node_BASE_0_sub_0", "pos": [57.0, 12.5, 6.03], "hasGetGlobal": true}, "hypothesisId": "H1"}
{"sessionId": "1b991f", "location": "core.py:_node_position", "message": "position", "timestamp": 1773287293374.5833, "data": {"nodeName": "Node_BASE_0_sub_0", "pos": [57.0, 12.5, 6.03], "hasGetGlobal": true}, "hypothesisId": "H1"}
{"sessionId": "1b991f", "location": "core.py:_node_position", "message": "position", "timestamp": 1773311979051.8987, "data": {"nodeName": "Node_BOX_0", "pos": [0.0, 1000.0, 0.0], "hasGetGlobal": true}, "hypothesisId": "H1"}
{"sessionId": "1b991f", "location": "core.py:_node_position", "message": "position", "timestamp": 1773312701948.9968, "data": {"nodeName": "Node_BOX_0", "pos": [0.0, 1000.0, 0.0], "hasGetGlobal": true}, "hypothesisId": "H1"}
{"sessionId": "1b991f", "location": "core.py:_node_position", "message": "position", "timestamp": 1773361215169.9968, "data": {"nodeName": "Node_BOX_0_sub_0", "pos": [-250.0, 1000.0, -250.0], "hasGetGlobal": true}, "hypothesisId": "H1"}
{"sessionId": "1b991f", "location": "core.py:_update_surface_number_labels", "message": "entry", "timestamp": 1773362402609.4702, "data": {"face_groups_count": 2, "label_scale_percent": 100}, "hypothesisId": "H4"}
{"sessionId": "1b991f", "location": "core.py:_get_default_font_path", "message": "font path result", "timestamp": 1773362402610.4702, "data": {"path": "C:\\WINDOWS\\Fonts\\arial.ttf", "exists": true}, "hypothesisId": "H1"}
{"sessionId": "1b991f", "location": "core.py:_update_surface_number_labels", "message": "first label pos", "timestamp": 1773362402611.4678, "data": {"node_pos": [-250.0, 1000.0, -250.0], "pos_vec": [-250.0, 1000.0, -250.0], "group_parent": null, "parent_placement_base": null}, "hypothesisId": "H3"}
{"sessionId": "1b991f", "location": "core.py:_get_default_font_path", "message": "font path result", "timestamp": 1773362402612.4705, "data": {"path": "C:\\WINDOWS\\Fonts\\arial.ttf", "exists": true}, "hypothesisId": "H1"}
{"sessionId": "1b991f", "location": "core.py:_create_number_label", "message": "entry", "timestamp": 1773362402612.4705, "data": {"has_font": true, "has_ShapeString": false, "text": "0", "size_mm": 141.4213562373095}, "hypothesisId": "H2"}
{"sessionId": "1b991f", "location": "core.py:_get_default_font_path", "message": "font path result", "timestamp": 1773362404001.1904, "data": {"path": "C:\\WINDOWS\\Fonts\\arial.ttf", "exists": true}, "hypothesisId": "H1"}
{"sessionId": "1b991f", "location": "core.py:_create_number_label", "message": "entry", "timestamp": 1773362404001.1904, "data": {"has_font": true, "has_ShapeString": false, "text": "1", "size_mm": 200.0}, "hypothesisId": "H2"}
{"sessionId": "1b991f", "location": "core.py:_update_surface_number_labels", "message": "after loop", "timestamp": 1773362404011.2048, "data": {"group_count": 2, "group_visibility": true}, "hypothesisId": "H3"}
{"sessionId": "1b991f", "location": "core.py:run_show_surface_numbers", "message": "before updateGui", "timestamp": 1773362404013.209, "data": {"show": true, "group_exists": true, "group_visibility": true, "group_count": 2}, "hypothesisId": "H3"}
{"sessionId": "1b991f", "location": "core.py:_node_position", "message": "position", "timestamp": 1773363228442.9211, "data": {"nodeName": "Node_BOX_0", "pos": [0.0, 1000.0, 0.0], "hasGetGlobal": true}, "hypothesisId": "H1"}
